0 info it worked if it ends with ok
1 verbose cli [ '/usr/local/Cellar/node/5.5.0/bin/node',
1 verbose cli   '/usr/local/bin/npm',
1 verbose cli   'run',
1 verbose cli   'build' ]
2 info using npm@3.7.1
3 info using node@v5.5.0
4 verbose run-script [ 'prebuild', 'build', 'postbuild' ]
5 info lifecycle bookmark-spotlight-react@1.0.0~prebuild: bookmark-spotlight-react@1.0.0
6 silly lifecycle bookmark-spotlight-react@1.0.0~prebuild: no script for prebuild, continuing
7 info lifecycle bookmark-spotlight-react@1.0.0~build: bookmark-spotlight-react@1.0.0
8 verbose lifecycle bookmark-spotlight-react@1.0.0~build: unsafe-perm in lifecycle true
9 verbose lifecycle bookmark-spotlight-react@1.0.0~build: PATH: /usr/local/lib/node_modules/npm/bin/node-gyp-bin:/Users/jonnykry/dev/web/bookmark-spotlight-react/node_modules/.bin:/usr/local/Cellar/node/5.5.0/bin:/usr/local/share/npm/bin:/usr/local/share/python:/Users/jonnykry/bin:/usr/local/bin:/usr/local/bin:/usr/bin:/bin:/usr/sbin:/sbin:/Applications/Postgres.app/Contents/Versions/9.4/bin
10 verbose lifecycle bookmark-spotlight-react@1.0.0~build: CWD: /Users/jonnykry/dev/web/bookmark-spotlight-react
11 silly lifecycle bookmark-spotlight-react@1.0.0~build: Args: [ '-c', './scripts/build.sh' ]
12 silly lifecycle bookmark-spotlight-react@1.0.0~build: Returned: code: 1  signal: null
13 info lifecycle bookmark-spotlight-react@1.0.0~build: Failed to exec build script
14 verbose stack Error: bookmark-spotlight-react@1.0.0 build: `./scripts/build.sh`
14 verbose stack Exit status 1
14 verbose stack     at EventEmitter.<anonymous> (/usr/local/lib/node_modules/npm/lib/utils/lifecycle.js:239:16)
14 verbose stack     at emitTwo (events.js:100:13)
14 verbose stack     at EventEmitter.emit (events.js:185:7)
14 verbose stack     at ChildProcess.<anonymous> (/usr/local/lib/node_modules/npm/lib/utils/spawn.js:24:14)
14 verbose stack     at emitTwo (events.js:100:13)
14 verbose stack     at ChildProcess.emit (events.js:185:7)
14 verbose stack     at maybeClose (internal/child_process.js:821:16)
14 verbose stack     at Process.ChildProcess._handle.onexit (internal/child_process.js:211:5)
15 verbose pkgid bookmark-spotlight-react@1.0.0
16 verbose cwd /Users/jonnykry/dev/web/bookmark-spotlight-react
17 error Darwin 15.0.0
18 error argv "/usr/local/Cellar/node/5.5.0/bin/node" "/usr/local/bin/npm" "run" "build"
19 error node v5.5.0
20 error npm  v3.7.1
21 error code ELIFECYCLE
22 error bookmark-spotlight-react@1.0.0 build: `./scripts/build.sh`
22 error Exit status 1
23 error Failed at the bookmark-spotlight-react@1.0.0 build script './scripts/build.sh'.
23 error Make sure you have the latest version of node.js and npm installed.
23 error If you do, this is most likely a problem with the bookmark-spotlight-react package,
23 error not with npm itself.
23 error Tell the author that this fails on your system:
23 error     ./scripts/build.sh
23 error You can get information on how to open an issue for this project with:
23 error     npm bugs bookmark-spotlight-react
23 error Or if that isn't available, you can get their info via:
23 error     npm owner ls bookmark-spotlight-react
23 error There is likely additional logging output above.
24 verbose exit [ 1, true ]
